<?xml version="1.0" encoding="UTF-8"?>
<testsuite xmlns:xsi="http://www.w3.org/2001/XMLSchema-instance" xsi:noNamespaceSchemaLocation="https://maven.apache.org/surefire/maven-surefire-plugin/xsd/surefire-test-report.xsd" version="3.0.2" name="com.jonescorp.shoppy.ShoppyApplicationTests" time="2.191" tests="1" errors="0" skipped="0" failures="0">
  <properties>
[...]
</properties>
  <testcase name="contextLoads" classname="com.jonescorp.shoppy.ShoppyApplicationTests" time="0.365">
    <system-out><![CDATA[21:42:43.460 [main] INFO org.springframework.test.context.support.AnnotationConfigContextLoaderUtils -- Could not detect default configuration classes for test class [com.jonescorp.shoppy.ShoppyApplicationTests]: ShoppyApplicationTests does not declare any static, non-private, non-final, nested classes annotated with @Configuration.
21:42:43.511 [main] INFO org.springframework.boot.test.context.SpringBootTestContextBootstrapper -- Found @SpringBootConfiguration com.jonescorp.shoppy.ShoppyApplication for test class com.jonescorp.shoppy.ShoppyApplicationTests

  .   ____          _            __ _ _
 /\\ / ___'_ __ _ _(_)_ __  __ _ \ \ \ \
( ( )\___ | '_ | '_| | '_ \/ _` | \ \ \ \
 \\/  ___)| |_)| | | | | || (_| |  ) ) ) )
  '  |____| .__|_| |_|_| |_\__, | / / / /
 =========|_|==============|___/=/_/_/_/

 :: Spring Boot ::                (v4.0.1)

2026-01-16T21:42:43.729-05:00  INFO 17757 --- [shoppy] [           main] c.j.shoppy.ShoppyApplicationTests        : Starting ShoppyApplicationTests using Java 21.0.8 with PID 17757 (started by geoffreyjones in /Users/geoffreyjones/Desktop/Repos/shoppy)
2026-01-16T21:42:43.730-05:00  INFO 17757 --- [shoppy] [           main] c.j.shoppy.ShoppyApplicationTests        : No active profile set, falling back to 1 default profile: "default"
2026-01-16T21:42:44.030-05:00  INFO 17757 --- [shoppy] [           main] .s.d.r.c.RepositoryConfigurationDelegate : Bootstrapping Spring Data JPA repositories in DEFAULT mode.
2026-01-16T21:42:44.043-05:00  INFO 17757 --- [shoppy] [           main] .s.d.r.c.RepositoryConfigurationDelegate : Finished Spring Data repository scanning in 8 ms. Found 0 JPA repository interfaces.
2026-01-16T21:42:44.211-05:00  INFO 17757 --- [shoppy] [           main] com.zaxxer.hikari.HikariDataSource       : HikariPool-1 - Starting...
2026-01-16T21:42:44.321-05:00  INFO 17757 --- [shoppy] [           main] com.zaxxer.hikari.pool.HikariPool        : HikariPool-1 - Added connection conn0: url=jdbc:h2:mem:2b4a5711-0740-4811-8ae5-e7b8647518dc user=SA
2026-01-16T21:42:44.322-05:00  INFO 17757 --- [shoppy] [           main] com.zaxxer.hikari.HikariDataSource       : HikariPool-1 - Start completed.
2026-01-16T21:42:44.345-05:00  INFO 17757 --- [shoppy] [           main] org.hibernate.orm.jpa                    : HHH008540: Processing PersistenceUnitInfo [name: default]
2026-01-16T21:42:44.379-05:00  INFO 17757 --- [shoppy] [           main] org.hibernate.orm.core                   : HHH000001: Hibernate ORM core version 7.2.0.Final
2026-01-16T21:42:44.623-05:00  INFO 17757 --- [shoppy] [           main] o.s.o.j.p.SpringPersistenceUnitInfo      : No LoadTimeWeaver setup: ignoring JPA class transformer
2026-01-16T21:42:44.668-05:00  INFO 17757 --- [shoppy] [           main] org.hibernate.orm.connections.pooling    : HHH10001005: Database info:
	Database JDBC URL [jdbc:h2:mem:2b4a5711-0740-4811-8ae5-e7b8647518dc]
	Database driver: H2 JDBC Driver
	Database dialect: H2Dialect
	Database version: 2.4.240
	Default catalog/schema: 2B4A5711-0740-4811-8AE5-E7B8647518DC/PUBLIC
	Autocommit mode: undefined/unknown
	Isolation level: READ_COMMITTED [default READ_COMMITTED]
	JDBC fetch size: 100
	Pool: DataSourceConnectionProvider
	Minimum pool size: undefined/unknown
	Maximum pool size: undefined/unknown
2026-01-16T21:42:44.889-05:00  INFO 17757 --- [shoppy] [           main] org.hibernate.orm.core                   : HHH000489: No JTA platform available (set 'hibernate.transaction.jta.platform' to enable JTA platform integration)
2026-01-16T21:42:44.894-05:00  INFO 17757 --- [shoppy] [           main] j.LocalContainerEntityManagerFactoryBean : Initialized JPA EntityManagerFactory for persistence unit 'default'
2026-01-16T21:42:44.952-05:00  WARN 17757 --- [shoppy] [           main] JpaBaseConfiguration$JpaWebConfiguration : spring.jpa.open-in-view is enabled by default. Therefore, database queries may be performed during view rendering. Explicitly configure spring.jpa.open-in-view to disable this warning
2026-01-16T21:42:45.184-05:00  INFO 17757 --- [shoppy] [           main] c.j.shoppy.ShoppyApplicationTests        : Started ShoppyApplicationTests in 1.596 seconds (process running for 2.184)
]]></system-out>
    <system-err><![CDATA[Mockito is currently self-attaching to enable the inline-mock-maker. This will no longer work in future releases of the JDK. Please add Mockito as an agent to your build as described in Mockito's documentation: https://javadoc.io/doc/org.mockito/mockito-core/latest/org.mockito/org/mockito/Mockito.html#0.3
WARNING: A Java agent has been loaded dynamically (/Users/geoffreyjones/.m2/repository/net/bytebuddy/byte-buddy-agent/1.17.8/byte-buddy-agent-1.17.8.jar)
WARNING: If a serviceability tool is in use, please run with -XX:+EnableDynamicAgentLoading to hide this warning
WARNING: If a serviceability tool is not in use, please run with -Djdk.instrument.traceUsage for more information
WARNING: Dynamic loading of agents will be disallowed by default in a future release
]]></system-err>
  </testcase>
</testsuite>